WARNING: KICAD6_SYMBOL_DIR environment variable is missing, so the default KiCad symbol libraries won't be searched. @ [C:\Users\Bibek\NeuroBoard\<frozen importlib._bootstrap_external>:759=>C:\Users\Bibek\NeuroBoard\<frozen importlib._bootstrap>:491]
WARNING: KICAD7_SYMBOL_DIR environment variable is missing, so the default KiCad symbol libraries won't be searched. @ [C:\Users\Bibek\NeuroBoard\<frozen importlib._bootstrap_external>:759=>C:\Users\Bibek\NeuroBoard\<frozen importlib._bootstrap>:491]
WARNING: KICAD9_SYMBOL_DIR environment variable is missing, so the default KiCad symbol libraries won't be searched. @ [C:\Users\Bibek\NeuroBoard\<frozen importlib._bootstrap_external>:759=>C:\Users\Bibek\NeuroBoard\<frozen importlib._bootstrap>:491]
WARNING: fp-lib-table file was not found. Component footprints are not available.
WARNING: fp-lib-table file was not found. Component footprints are not available.
WARNING: fp-lib-table file was not found. Component footprints are not available.
WARNING: fp-lib-table file was not found. Component footprints are not available.
WARNING: Missing tag on Conn_02x20_Odd_Even instantiated at C:\Users\Bibek\NeuroBoard\ai_core\schematic\dynamic_generator.py:111.
WARNING: Random tag 0961kEnzdx generated for Conn_02x20_Odd_Even.
WARNING: Missing tag on 24LC32 instantiated at C:\Users\Bibek\NeuroBoard\ai_core\schematic\dynamic_generator.py:126.
WARNING: Random tag _qXCA8_JTj generated for 24LC32.
WARNING: Missing tag on R instantiated at C:\Users\Bibek\NeuroBoard\ai_core\schematic\dynamic_generator.py:140.
WARNING: Random tag s9KIVdKF1j generated for R.
WARNING: Missing tag on R instantiated at C:\Users\Bibek\NeuroBoard\ai_core\schematic\dynamic_generator.py:140.
WARNING: Random tag 8flLQoh4pL generated for R.
WARNING: Missing tag on MountingHole instantiated at C:\Users\Bibek\NeuroBoard\ai_core\schematic\dynamic_generator.py:169.
WARNING: Random tag NAKG6mTpyQ generated for MountingHole.
WARNING: Missing tag on MountingHole instantiated at C:\Users\Bibek\NeuroBoard\ai_core\schematic\dynamic_generator.py:169.
WARNING: Random tag stVeC__enq generated for MountingHole.
WARNING: Missing tag on MountingHole instantiated at C:\Users\Bibek\NeuroBoard\ai_core\schematic\dynamic_generator.py:169.
WARNING: Random tag 633xj0SM_P generated for MountingHole.
WARNING: Missing tag on MountingHole instantiated at C:\Users\Bibek\NeuroBoard\ai_core\schematic\dynamic_generator.py:169.
WARNING: Random tag aZsP7ihgIr generated for MountingHole.
WARNING: Missing tag on C instantiated at C:\Users\Bibek\NeuroBoard\ai_core\schematic\dynamic_generator.py:154.
WARNING: Random tag MTmNqE51fA generated for C.
WARNING: Missing tag on C instantiated at C:\Users\Bibek\NeuroBoard\ai_core\schematic\dynamic_generator.py:154.
WARNING: Random tag raWOqUIAae generated for C.
WARNING: Missing tag on C instantiated at C:\Users\Bibek\NeuroBoard\ai_core\schematic\dynamic_generator.py:154.
WARNING: Random tag 34I0Kjit4Y generated for C.
WARNING: Missing tag on C instantiated at C:\Users\Bibek\NeuroBoard\ai_core\schematic\dynamic_generator.py:154.
WARNING: Random tag 24npgX3zNj generated for C.
WARNING: Missing tag on Conn_01x16 instantiated at C:\Users\Bibek\NeuroBoard\ai_core\schematic\dynamic_generator.py:178.
WARNING: Random tag 629Z3bUu6Y generated for Conn_01x16.
WARNING: Missing tag on Micro_SD_Card instantiated at C:\Users\Bibek\NeuroBoard\ai_core\schematic\dynamic_generator.py:214.
WARNING: Random tag 2ZqXg22oZC generated for Micro_SD_Card.
WARNING: Missing tag on Micro_SD_Card instantiated at C:\Users\Bibek\NeuroBoard\ai_core\schematic\dynamic_generator.py:214.
WARNING: Random tag tYobmu28rO generated for Micro_SD_Card.
WARNING: Missing tag on  instantiated at C:\Users\Bibek\NeuroBoard\ai_core\schematic\dynamic_generator.py:49.
INFO: 35 warnings found while generating netlist.
INFO: 0 errors found while generating netlist.

